<?xml version="1.0" encoding="UTF-8"?>
<testng-results skipped="0" failed="0" ignored="0" total="1" passed="1">
  <reporter-output>
  </reporter-output>
  <suite name="Default suite" duration-ms="141618" started-at="2018-04-01T22:18:17Z" finished-at="2018-04-01T22:20:39Z">
    <groups>
    </groups>
    <test name="Default test" duration-ms="141618" started-at="2018-04-01T22:18:17Z" finished-at="2018-04-01T22:20:39Z">
      <class name="com.imdb.topList.RedPandaDemoTest">
        <test-method status="PASS" signature="initializeDriver()[pri:0, instance:com.imdb.topList.RedPandaDemoTest@76a3e297]" name="initializeDriver" is-config="true" duration-ms="2873" started-at="2018-04-01T22:18:14Z" finished-at="2018-04-01T22:18:17Z">
          <reporter-output>
          </reporter-output>
        </test-method> <!-- initializeDriver -->
        <test-method status="PASS" signature="print()[pri:0, instance:com.imdb.topList.RedPandaDemoTest@76a3e297]" name="print" is-config="true" duration-ms="6388" started-at="2018-04-01T22:18:17Z" finished-at="2018-04-01T22:18:23Z">
          <reporter-output>
          </reporter-output>
        </test-method> <!-- print -->
        <test-method status="PASS" signature="testing()[pri:0, instance:com.imdb.topList.RedPandaDemoTest@76a3e297]" name="testing" duration-ms="132786" started-at="2018-04-01T22:18:23Z" finished-at="2018-04-01T22:20:36Z">
          <reporter-output>
          </reporter-output>
        </test-method> <!-- testing -->
        <test-method status="PASS" signature="closeBrowser()[pri:0, instance:com.imdb.topList.RedPandaDemoTest@76a3e297]" name="closeBrowser" is-config="true" duration-ms="2420" started-at="2018-04-01T22:20:36Z" finished-at="2018-04-01T22:20:39Z">
          <reporter-output>
          </reporter-output>
        </test-method> <!-- closeBrowser -->
        <test-method status="PASS" signature="closeWebDriver()[pri:0, instance:com.imdb.topList.RedPandaDemoTest@76a3e297]" name="closeWebDriver" is-config="true" duration-ms="590" started-at="2018-04-01T22:20:39Z" finished-at="2018-04-01T22:20:40Z">
          <reporter-output>
          </reporter-output>
        </test-method> <!-- closeWebDriver -->
      </class> <!-- com.imdb.topList.RedPandaDemoTest -->
    </test> <!-- Default test -->
  </suite> <!-- Default suite -->
</testng-results>
